<?xml version="1.0" encoding="UTF-8"?>
<!-- Generated by org.testng.reporters.JUnitReportReporter -->
<testsuite skipped="0" hostname="vishnum" name="com.qa.test.GetAPITest" tests="1" failures="0" timestamp="2021-01-15T12:03:54 IST" time="3.485" errors="0">
  <testcase name="getApiTest" time="3.485" classname="com.qa.test.GetAPITest"/>
  <system-out/>
</testsuite> <!-- com.qa.test.GetAPITest -->
